<?xml version="1.0" encoding="UTF-8"?>
<!-- Generated by org.testng.reporters.JUnitReportReporter -->
<testsuite skipped="0" hostname="DESKTOP-N0MKA9O" name="org.Grouping.RegreesionGroup" tests="1" failures="0" timestamp="08 Dec 2021 18:53:11 GMT" time="0.029" errors="0">
  <testcase name="tc3" time="0.029" classname="org.Grouping.RegreesionGroup"/>
</testsuite> <!-- org.Grouping.RegreesionGroup -->
