<?xml version="1.0" encoding="UTF-8"?>
<!-- Generated by org.testng.reporters.JUnitReportReporter -->
<testsuite skipped="0" hostname="DESKTOP-N0MKA9O" name="org.Grouping.TestGroup" tests="1" failures="0" timestamp="08 Dec 2021 18:53:11 GMT" time="0.007" errors="0">
  <testcase name="tc14" time="0.007" classname="org.Grouping.TestGroup"/>
</testsuite> <!-- org.Grouping.TestGroup -->
