<?xml version="1.0" encoding="UTF-8"?>
<!-- Generated by org.testng.reporters.JUnitReportReporter -->
<testsuite skipped="0" hostname="DESKTOP-N0MKA9O" name="org.Grouping.Grouping" tests="1" failures="0" timestamp="09 Dec 2021 18:39:52 GMT" time="3.187" errors="0">
  <testcase name="tc1" time="3.187" classname="org.Grouping.Grouping"/>
</testsuite> <!-- org.Grouping.Grouping -->
