<?xml version="1.0" encoding="UTF-8"?>
<!-- Generated by org.testng.reporters.JUnitReportReporter -->
<testsuite skipped="1" hostname="DESKTOP-N0MKA9O" name="org.sample.TestNg" tests="2" failures="0" timestamp="08 Dec 2021 04:08:24 GMT" time="0.033" errors="1">
  <testcase name="tc1" time="0.000" classname="org.sample.TestNg">
    <skipped/>
  </testcase> <!-- tc1 -->
  <testcase name="launchChrome" time="0.033" classname="org.sample.TestNg">
    <error type="java.lang.StackOverflowError">
      <![CDATA[java.lang.StackOverflowError
at org.sample.TestNg.launchChrome(TestNg.java:12)
at org.sample.TestNg.launchChrome(TestNg.java:12)
at org.sample.TestNg.launchChrome(TestNg.java:12)
at org.sample.TestNg.launchChrome(TestNg.java:12)
at org.sample.TestNg.launchChrome(TestNg.java:12)
at org.sample.TestNg.launchChrome(TestNg.java:12)
at org.sample.TestNg.launchChrome(TestNg.java:12)
at org.sample.TestNg.launchChrome(TestNg.java:12)
at org.sample.TestNg.launchChrome(TestNg.java:12)
at org.sample.TestNg.launchChrome(TestNg.java:12)
at org.sample.TestNg.launchChrome(TestNg.java:12)
at org.sample.TestNg.launchChrome(TestNg.java:12)
at org.sample.TestNg.launchChrome(TestNg.java:12)
at org.sample.TestNg.launchChrome(TestNg.java:12)
at org.sample.TestNg.launchChrome(TestNg.java:12)
at org.sample.TestNg.launchChrome(TestNg.java:12)
at org.sample.TestNg.launchChrome(TestNg.java:12)
at org.sample.TestNg.launchChrome(TestNg.java:12)
at org.sample.TestNg.launchChrome(TestNg.java:12)
at org.sample.TestNg.launchChrome(TestNg.java:12)
at org.sample.TestNg.launchChrome(TestNg.java:12)
at org.sample.TestNg.launchChrome(TestNg.java:12)
at org.sample.TestNg.launchChrome(TestNg.java:12)
at org.sample.TestNg.launchChrome(TestNg.java:12)
at org.sample.TestNg.launchChrome(TestNg.java:12)
at org.sample.TestNg.launchChrome(TestNg.java:12)
at org.sample.TestNg.launchChrome(TestNg.java:12)
at org.sample.TestNg.launchChrome(TestNg.java:12)
at org.sample.TestNg.launchChrome(TestNg.java:12)
at org.sample.TestNg.launchChrome(TestNg.java:12)
at org.sample.TestNg.launchChrome(TestNg.java:12)
at org.sample.TestNg.launchChrome(TestNg.java:12)
at org.sample.TestNg.launchChrome(TestNg.java:12)
at org.sample.TestNg.launchChrome(TestNg.java:12)
at org.sample.TestNg.launchChrome(TestNg.java:12)
at org.sample.TestNg.launchChrome(TestNg.java:12)
at org.sample.TestNg.launchChrome(TestNg.java:12)
at org.sample.TestNg.launchChrome(TestNg.java:12)
at org.sample.TestNg.launchChrome(TestNg.java:12)
at org.sample.TestNg.launchChrome(TestNg.java:12)
at org.sample.TestNg.launchChrome(TestNg.java:12)
at org.sample.TestNg.launchChrome(TestNg.java:12)
at org.sample.TestNg.launchChrome(TestNg.java:12)
at org.sample.TestNg.launchChrome(TestNg.java:12)
at org.sample.TestNg.launchChrome(TestNg.java:12)
at org.sample.TestNg.launchChrome(TestNg.java:12)
at org.sample.TestNg.launchChrome(TestNg.java:12)
at org.sample.TestNg.launchChrome(TestNg.java:12)
at org.sample.TestNg.launchChrome(TestNg.java:12)
at org.sample.TestNg.launchChrome(TestNg.java:12)
at org.sample.TestNg.launchChrome(TestNg.java:12)
at org.sample.TestNg.launchChrome(TestNg.java:12)
at org.sample.TestNg.launchChrome(TestNg.java:12)
at org.sample.TestNg.launchChrome(TestNg.java:12)
at org.sample.TestNg.launchChrome(TestNg.java:12)
at org.sample.TestNg.launchChrome(TestNg.java:12)
at org.sample.TestNg.launchChrome(TestNg.java:12)
at org.sample.TestNg.launchChrome(TestNg.java:12)
at org.sample.TestNg.launchChrome(TestNg.java:12)
at org.sample.TestNg.launchChrome(TestNg.java:12)
at org.sample.TestNg.launchChrome(TestNg.java:12)
at org.sample.TestNg.launchChrome(TestNg.java:12)
at org.sample.TestNg.launchChrome(TestNg.java:12)
at org.sample.TestNg.launchChrome(TestNg.java:12)
at org.sample.TestNg.launchChrome(TestNg.java:12)
at org.sample.TestNg.launchChrome(TestNg.java:12)
at org.sample.TestNg.launchChrome(TestNg.java:12)
at org.sample.TestNg.launchChrome(TestNg.java:12)
at org.sample.TestNg.launchChrome(TestNg.java:12)
at org.sample.TestNg.launchChrome(TestNg.java:12)
at org.sample.TestNg.launchChrome(TestNg.java:12)
at org.sample.TestNg.launchChrome(TestNg.java:12)
at org.sample.TestNg.launchChrome(TestNg.java:12)
at org.sample.TestNg.launchChrome(TestNg.java:12)
at org.sample.TestNg.launchChrome(TestNg.java:12)
at org.sample.TestNg.launchChrome(TestNg.java:12)
at org.sample.TestNg.launchChrome(TestNg.java:12)
at org.sample.TestNg.launchChrome(TestNg.java:12)
at org.sample.TestNg.launchChrome(TestNg.java:12)
at org.sample.TestNg.launchChrome(TestNg.java:12)
at org.sample.TestNg.launchChrome(TestNg.java:12)
at org.sample.TestNg.launchChrome(TestNg.java:12)
at org.sample.TestNg.launchChrome(TestNg.java:12)
at org.sample.TestNg.launchChrome(TestNg.java:12)
at org.sample.TestNg.launchChrome(TestNg.java:12)
at org.sample.TestNg.launchChrome(TestNg.java:12)
at org.sample.TestNg.launchChrome(TestNg.java:12)
at org.sample.TestNg.launchChrome(TestNg.java:12)
at org.sample.TestNg.launchChrome(TestNg.java:12)
at org.sample.TestNg.launchChrome(TestNg.java:12)
at org.sample.TestNg.launchChrome(TestNg.java:12)
at org.sample.TestNg.launchChrome(TestNg.java:12)
at org.sample.TestNg.launchChrome(TestNg.java:12)
at org.sample.TestNg.launchChrome(TestNg.java:12)
at org.sample.TestNg.launchChrome(TestNg.java:12)
at org.sample.TestNg.launchChrome(TestNg.java:12)
at org.sample.TestNg.launchChrome(TestNg.java:12)
at org.sample.TestNg.launchChrome(TestNg.java:12)
at org.sample.TestNg.launchChrome(TestNg.java:12)
at org.sample.TestNg.launchChrome(TestNg.java:12)
at org.sample.TestNg.launchChrome(TestNg.java:12)
at org.sample.TestNg.launchChrome(TestNg.java:12)
at org.sample.TestNg.launchChrome(TestNg.java:12)
at org.sample.TestNg.launchChrome(TestNg.java:12)
at org.sample.TestNg.launchChrome(TestNg.java:12)
at org.sample.TestNg.launchChrome(TestNg.java:12)
at org.sample.TestNg.launchChrome(TestNg.java:12)
at org.sample.TestNg.launchChrome(TestNg.java:12)
at org.sample.TestNg.launchChrome(TestNg.java:12)
at org.sample.TestNg.launchChrome(TestNg.java:12)
at org.sample.TestNg.launchChrome(TestNg.java:12)
at org.sample.TestNg.launchChrome(TestNg.java:12)
at org.sample.TestNg.launchChrome(TestNg.java:12)
at org.sample.TestNg.launchChrome(TestNg.java:12)
at org.sample.TestNg.launchChrome(TestNg.java:12)
at org.sample.TestNg.launchChrome(TestNg.java:12)
at org.sample.TestNg.launchChrome(TestNg.java:12)
at org.sample.TestNg.launchChrome(TestNg.java:12)
at org.sample.TestNg.launchChrome(TestNg.java:12)
at org.sample.TestNg.launchChrome(TestNg.java:12)
at org.sample.TestNg.launchChrome(TestNg.java:12)
at org.sample.TestNg.launchChrome(TestNg.java:12)
at org.sample.TestNg.launchChrome(TestNg.java:12)
at org.sample.TestNg.launchChrome(TestNg.java:12)
at org.sample.TestNg.launchChrome(TestNg.java:12)
at org.sample.TestNg.launchChrome(TestNg.java:12)
at org.sample.TestNg.launchChrome(TestNg.java:12)
at org.sample.TestNg.launchChrome(TestNg.java:12)
at org.sample.TestNg.launchChrome(TestNg.java:12)
at org.sample.TestNg.launchChrome(TestNg.java:12)
at org.sample.TestNg.launchChrome(TestNg.java:12)
at org.sample.TestNg.launchChrome(TestNg.java:12)
at org.sample.TestNg.launchChrome(TestNg.java:12)
at org.sample.TestNg.launchChrome(TestNg.java:12)
at org.sample.TestNg.launchChrome(TestNg.java:12)
at org.sample.TestNg.launchChrome(TestNg.java:12)
at org.sample.TestNg.launchChrome(TestNg.java:12)
at org.sample.TestNg.launchChrome(TestNg.java:12)
at org.sample.TestNg.launchChrome(TestNg.java:12)
at org.sample.TestNg.launchChrome(TestNg.java:12)
at org.sample.TestNg.launchChrome(TestNg.java:12)
at org.sample.TestNg.launchChrome(TestNg.java:12)
at org.sample.TestNg.launchChrome(TestNg.java:12)
at org.sample.TestNg.launchChrome(TestNg.java:12)
at org.sample.TestNg.launchChrome(TestNg.java:12)
at org.sample.TestNg.launchChrome(TestNg.java:12)
at org.sample.TestNg.launchChrome(TestNg.java:12)
at org.sample.TestNg.launchChrome(TestNg.java:12)
at org.sample.TestNg.launchChrome(TestNg.java:12)
at org.sample.TestNg.launchChrome(TestNg.java:12)
at org.sample.TestNg.launchChrome(TestNg.java:12)
at org.sample.TestNg.launchChrome(TestNg.java:12)
at org.sample.TestNg.launchChrome(TestNg.java:12)
at org.sample.TestNg.launchChrome(TestNg.java:12)
at org.sample.TestNg.launchChrome(TestNg.java:12)
at org.sample.TestNg.launchChrome(TestNg.java:12)
at org.sample.TestNg.launchChrome(TestNg.java:12)
at org.sample.TestNg.launchChrome(TestNg.java:12)
at org.sample.TestNg.launchChrome(TestNg.java:12)
at org.sample.TestNg.launchChrome(TestNg.java:12)
at org.sample.TestNg.launchChrome(TestNg.java:12)
at org.sample.TestNg.launchChrome(TestNg.java:12)
at org.sample.TestNg.launchChrome(TestNg.java:12)
at org.sample.TestNg.launchChrome(TestNg.java:12)
at org.sample.TestNg.launchChrome(TestNg.java:12)
at org.sample.TestNg.launchChrome(TestNg.java:12)
at org.sample.TestNg.launchChrome(TestNg.java:12)
at org.sample.TestNg.launchChrome(TestNg.java:12)
at org.sample.TestNg.launchChrome(TestNg.java:12)
at org.sample.TestNg.launchChrome(TestNg.java:12)
at org.sample.TestNg.launchChrome(TestNg.java:12)
at org.sample.TestNg.launchChrome(TestNg.java:12)
at org.sample.TestNg.launchChrome(TestNg.java:12)
at org.sample.TestNg.launchChrome(TestNg.java:12)
at org.sample.TestNg.launchChrome(TestNg.java:12)
at org.sample.TestNg.launchChrome(TestNg.java:12)
at org.sample.TestNg.launchChrome(TestNg.java:12)
at org.sample.TestNg.launchChrome(TestNg.java:12)
at org.sample.TestNg.launchChrome(TestNg.java:12)
at org.sample.TestNg.launchChrome(TestNg.java:12)
at org.sample.TestNg.launchChrome(TestNg.java:12)
at org.sample.TestNg.launchChrome(TestNg.java:12)
at org.sample.TestNg.launchChrome(TestNg.java:12)
at org.sample.TestNg.launchChrome(TestNg.java:12)
at org.sample.TestNg.launchChrome(TestNg.java:12)
at org.sample.TestNg.launchChrome(TestNg.java:12)
at org.sample.TestNg.launchChrome(TestNg.java:12)
at org.sample.TestNg.launchChrome(TestNg.java:12)
at org.sample.TestNg.launchChrome(TestNg.java:12)
at org.sample.TestNg.launchChrome(TestNg.java:12)
at org.sample.TestNg.launchChrome(TestNg.java:12)
at org.sample.TestNg.launchChrome(TestNg.java:12)
at org.sample.TestNg.launchChrome(TestNg.java:12)
at org.sample.TestNg.launchChrome(TestNg.java:12)
at org.sample.TestNg.launchChrome(TestNg.java:12)
at org.sample.TestNg.launchChrome(TestNg.java:12)
at org.sample.TestNg.launchChrome(TestNg.java:12)
at org.sample.TestNg.launchChrome(TestNg.java:12)
at org.sample.TestNg.launchChrome(TestNg.java:12)
at org.sample.TestNg.launchChrome(TestNg.java:12)
at org.sample.TestNg.launchChrome(TestNg.java:12)
at org.sample.TestNg.launchChrome(TestNg.java:12)
at org.sample.TestNg.launchChrome(TestNg.java:12)
at org.sample.TestNg.launchChrome(TestNg.java:12)
at org.sample.TestNg.launchChrome(TestNg.java:12)
at org.sample.TestNg.launchChrome(TestNg.java:12)
at org.sample.TestNg.launchChrome(TestNg.java:12)
at org.sample.TestNg.launchChrome(TestNg.java:12)
at org.sample.TestNg.launchChrome(TestNg.java:12)
at org.sample.TestNg.launchChrome(TestNg.java:12)
at org.sample.TestNg.launchChrome(TestNg.java:12)
at org.sample.TestNg.launchChrome(TestNg.java:12)
at org.sample.TestNg.launchChrome(TestNg.java:12)
at org.sample.TestNg.launchChrome(TestNg.java:12)
at org.sample.TestNg.launchChrome(TestNg.java:12)
at org.sample.TestNg.launchChrome(TestNg.java:12)
at org.sample.TestNg.launchChrome(TestNg.java:12)
at org.sample.TestNg.launchChrome(TestNg.java:12)
at org.sample.TestNg.launchChrome(TestNg.java:12)
at org.sample.TestNg.launchChrome(TestNg.java:12)
at org.sample.TestNg.launchChrome(TestNg.java:12)
at org.sample.TestNg.launchChrome(TestNg.java:12)
at org.sample.TestNg.launchChrome(TestNg.java:12)
at org.sample.TestNg.launchChrome(TestNg.java:12)
at org.sample.TestNg.launchChrome(TestNg.java:12)
at org.sample.TestNg.launchChrome(TestNg.java:12)
at org.sample.TestNg.launchChrome(TestNg.java:12)
at org.sample.TestNg.launchChrome(TestNg.java:12)
at org.sample.TestNg.launchChrome(TestNg.java:12)
at org.sample.TestNg.launchChrome(TestNg.java:12)
at org.sample.TestNg.launchChrome(TestNg.java:12)
at org.sample.TestNg.launchChrome(TestNg.java:12)
at org.sample.TestNg.launchChrome(TestNg.java:12)
at org.sample.TestNg.launchChrome(TestNg.java:12)
at org.sample.TestNg.launchChrome(TestNg.java:12)
at org.sample.TestNg.launchChrome(TestNg.java:12)
at org.sample.TestNg.launchChrome(TestNg.java:12)
at org.sample.TestNg.launchChrome(TestNg.java:12)
at org.sample.TestNg.launchChrome(TestNg.java:12)
at org.sample.TestNg.launchChrome(TestNg.java:12)
at org.sample.TestNg.launchChrome(TestNg.java:12)
at org.sample.TestNg.launchChrome(TestNg.java:12)
at org.sample.TestNg.launchChrome(TestNg.java:12)
at org.sample.TestNg.launchChrome(TestNg.java:12)
at org.sample.TestNg.launchChrome(TestNg.java:12)
at org.sample.TestNg.launchChrome(TestNg.java:12)
at org.sample.TestNg.launchChrome(TestNg.java:12)
at org.sample.TestNg.launchChrome(TestNg.java:12)
at org.sample.TestNg.launchChrome(TestNg.java:12)
at org.sample.TestNg.launchChrome(TestNg.java:12)
at org.sample.TestNg.launchChrome(TestNg.java:12)
at org.sample.TestNg.launchChrome(TestNg.java:12)
at org.sample.TestNg.launchChrome(TestNg.java:12)
at org.sample.TestNg.launchChrome(TestNg.java:12)
at org.sample.TestNg.launchChrome(TestNg.java:12)
at org.sample.TestNg.launchChrome(TestNg.java:12)
at org.sample.TestNg.launchChrome(TestNg.java:12)
at org.sample.TestNg.launchChrome(TestNg.java:12)
at org.sample.TestNg.launchChrome(TestNg.java:12)
at org.sample.TestNg.launchChrome(TestNg.java:12)
at org.sample.TestNg.launchChrome(TestNg.java:12)
at org.sample.TestNg.launchChrome(TestNg.java:12)
at org.sample.TestNg.launchChrome(TestNg.java:12)
at org.sample.TestNg.launchChrome(TestNg.java:12)
at org.sample.TestNg.launchChrome(TestNg.java:12)
at org.sample.TestNg.launchChrome(TestNg.java:12)
at org.sample.TestNg.launchChrome(TestNg.java:12)
at org.sample.TestNg.launchChrome(TestNg.java:12)
at org.sample.TestNg.launchChrome(TestNg.java:12)
at org.sample.TestNg.launchChrome(TestNg.java:12)
at org.sample.TestNg.launchChrome(TestNg.java:12)
at org.sample.TestNg.launchChrome(TestNg.java:12)
at org.sample.TestNg.launchChrome(TestNg.java:12)
at org.sample.TestNg.launchChrome(TestNg.java:12)
at org.sample.TestNg.launchChrome(TestNg.java:12)
at org.sample.TestNg.launchChrome(TestNg.java:12)
at org.sample.TestNg.launchChrome(TestNg.java:12)
at org.sample.TestNg.launchChrome(TestNg.java:12)
at org.sample.TestNg.launchChrome(TestNg.java:12)
at org.sample.TestNg.launchChrome(TestNg.java:12)
at org.sample.TestNg.launchChrome(TestNg.java:12)
at org.sample.TestNg.launchChrome(TestNg.java:12)
at org.sample.TestNg.launchChrome(TestNg.java:12)
at org.sample.TestNg.launchChrome(TestNg.java:12)
at org.sample.TestNg.launchChrome(TestNg.java:12)
at org.sample.TestNg.launchChrome(TestNg.java:12)
at org.sample.TestNg.launchChrome(TestNg.java:12)
at org.sample.TestNg.launchChrome(TestNg.java:12)
at org.sample.TestNg.launchChrome(TestNg.java:12)
at org.sample.TestNg.launchChrome(TestNg.java:12)
at org.sample.TestNg.launchChrome(TestNg.java:12)
at org.sample.TestNg.launchChrome(TestNg.java:12)
at org.sample.TestNg.launchChrome(TestNg.java:12)
at org.sample.TestNg.launchChrome(TestNg.java:12)
at org.sample.TestNg.launchChrome(TestNg.java:12)
at org.sample.TestNg.launchChrome(TestNg.java:12)
at org.sample.TestNg.launchChrome(TestNg.java:12)
at org.sample.TestNg.launchChrome(TestNg.java:12)
at org.sample.TestNg.launchChrome(TestNg.java:12)
at org.sample.TestNg.launchChrome(TestNg.java:12)
at org.sample.TestNg.launchChrome(TestNg.java:12)
at org.sample.TestNg.launchChrome(TestNg.java:12)
at org.sample.TestNg.launchChrome(TestNg.java:12)
at org.sample.TestNg.launchChrome(TestNg.java:12)
at org.sample.TestNg.launchChrome(TestNg.java:12)
at org.sample.TestNg.launchChrome(TestNg.java:12)
at org.sample.TestNg.launchChrome(TestNg.java:12)
at org.sample.TestNg.launchChrome(TestNg.java:12)
at org.sample.TestNg.launchChrome(TestNg.java:12)
at org.sample.TestNg.launchChrome(TestNg.java:12)
at org.sample.TestNg.launchChrome(TestNg.java:12)
at org.sample.TestNg.launchChrome(TestNg.java:12)
at org.sample.TestNg.launchChrome(TestNg.java:12)
at org.sample.TestNg.launchChrome(TestNg.java:12)
at org.sample.TestNg.launchChrome(TestNg.java:12)
at org.sample.TestNg.launchChrome(TestNg.java:12)
at org.sample.TestNg.launchChrome(TestNg.java:12)
at org.sample.TestNg.launchChrome(TestNg.java:12)
at org.sample.TestNg.launchChrome(TestNg.java:12)
at org.sample.TestNg.launchChrome(TestNg.java:12)
at org.sample.TestNg.launchChrome(TestNg.java:12)
at org.sample.TestNg.launchChrome(TestNg.java:12)
at org.sample.TestNg.launchChrome(TestNg.java:12)
at org.sample.TestNg.launchChrome(TestNg.java:12)
at org.sample.TestNg.launchChrome(TestNg.java:12)
at org.sample.TestNg.launchChrome(TestNg.java:12)
at org.sample.TestNg.launchChrome(TestNg.java:12)
at org.sample.TestNg.launchChrome(TestNg.java:12)
at org.sample.TestNg.launchChrome(TestNg.java:12)
at org.sample.TestNg.launchChrome(TestNg.java:12)
at org.sample.TestNg.launchChrome(TestNg.java:12)
at org.sample.TestNg.launchChrome(TestNg.java:12)
at org.sample.TestNg.launchChrome(TestNg.java:12)
at org.sample.TestNg.launchChrome(TestNg.java:12)
at org.sample.TestNg.launchChrome(TestNg.java:12)
at org.sample.TestNg.launchChrome(TestNg.java:12)
at org.sample.TestNg.launchChrome(TestNg.java:12)
at org.sample.TestNg.launchChrome(TestNg.java:12)
at org.sample.TestNg.launchChrome(TestNg.java:12)
at org.sample.TestNg.launchChrome(TestNg.java:12)
at org.sample.TestNg.launchChrome(TestNg.java:12)
at org.sample.TestNg.launchChrome(TestNg.java:12)
at org.sample.TestNg.launchChrome(TestNg.java:12)
at org.sample.TestNg.launchChrome(TestNg.java:12)
at org.sample.TestNg.launchChrome(TestNg.java:12)
at org.sample.TestNg.launchChrome(TestNg.java:12)
at org.sample.TestNg.launchChrome(TestNg.java:12)
at org.sample.TestNg.launchChrome(TestNg.java:12)
at org.sample.TestNg.launchChrome(TestNg.java:12)
at org.sample.TestNg.launchChrome(TestNg.java:12)
at org.sample.TestNg.launchChrome(TestNg.java:12)
at org.sample.TestNg.launchChrome(TestNg.java:12)
at org.sample.TestNg.launchChrome(TestNg.java:12)
at org.sample.TestNg.launchChrome(TestNg.java:12)
at org.sample.TestNg.launchChrome(TestNg.java:12)
at org.sample.TestNg.launchChrome(TestNg.java:12)
at org.sample.TestNg.launchChrome(TestNg.java:12)
at org.sample.TestNg.launchChrome(TestNg.java:12)
at org.sample.TestNg.launchChrome(TestNg.java:12)
at org.sample.TestNg.launchChrome(TestNg.java:12)
at org.sample.TestNg.launchChrome(TestNg.java:12)
at org.sample.TestNg.launchChrome(TestNg.java:12)
at org.sample.TestNg.launchChrome(TestNg.java:12)
at org.sample.TestNg.launchChrome(TestNg.java:12)
at org.sample.TestNg.launchChrome(TestNg.java:12)
at org.sample.TestNg.launchChrome(TestNg.java:12)
at org.sample.TestNg.launchChrome(TestNg.java:12)
at org.sample.TestNg.launchChrome(TestNg.java:12)
at org.sample.TestNg.launchChrome(TestNg.java:12)
at org.sample.TestNg.launchChrome(TestNg.java:12)
at org.sample.TestNg.launchChrome(TestNg.java:12)
at org.sample.TestNg.launchChrome(TestNg.java:12)
at org.sample.TestNg.launchChrome(TestNg.java:12)
at org.sample.TestNg.launchChrome(TestNg.java:12)
at org.sample.TestNg.launchChrome(TestNg.java:12)
at org.sample.TestNg.launchChrome(TestNg.java:12)
at org.sample.TestNg.launchChrome(TestNg.java:12)
at org.sample.TestNg.launchChrome(TestNg.java:12)
at org.sample.TestNg.launchChrome(TestNg.java:12)
at org.sample.TestNg.launchChrome(TestNg.java:12)
at org.sample.TestNg.launchChrome(TestNg.java:12)
at org.sample.TestNg.launchChrome(TestNg.java:12)
at org.sample.TestNg.launchChrome(TestNg.java:12)
at org.sample.TestNg.launchChrome(TestNg.java:12)
at org.sample.TestNg.launchChrome(TestNg.java:12)
at org.sample.TestNg.launchChrome(TestNg.java:12)
at org.sample.TestNg.launchChrome(TestNg.java:12)
at org.sample.TestNg.launchChrome(TestNg.java:12)
at org.sample.TestNg.launchChrome(TestNg.java:12)
at org.sample.TestNg.launchChrome(TestNg.java:12)
at org.sample.TestNg.launchChrome(TestNg.java:12)
at org.sample.TestNg.launchChrome(TestNg.java:12)
at org.sample.TestNg.launchChrome(TestNg.java:12)
at org.sample.TestNg.launchChrome(TestNg.java:12)
at org.sample.TestNg.launchChrome(TestNg.java:12)
at org.sample.TestNg.launchChrome(TestNg.java:12)
at org.sample.TestNg.launchChrome(TestNg.java:12)
at org.sample.TestNg.launchChrome(TestNg.java:12)
at org.sample.TestNg.launchChrome(TestNg.java:12)
at org.sample.TestNg.launchChrome(TestNg.java:12)
at org.sample.TestNg.launchChrome(TestNg.java:12)
at org.sample.TestNg.launchChrome(TestNg.java:12)
at org.sample.TestNg.launchChrome(TestNg.java:12)
at org.sample.TestNg.launchChrome(TestNg.java:12)
at org.sample.TestNg.launchChrome(TestNg.java:12)
at org.sample.TestNg.launchChrome(TestNg.java:12)
at org.sample.TestNg.launchChrome(TestNg.java:12)
at org.sample.TestNg.launchChrome(TestNg.java:12)
at org.sample.TestNg.launchChrome(TestNg.java:12)
at org.sample.TestNg.launchChrome(TestNg.java:12)
at org.sample.TestNg.launchChrome(TestNg.java:12)
at org.sample.TestNg.launchChrome(TestNg.java:12)
at org.sample.TestNg.launchChrome(TestNg.java:12)
at org.sample.TestNg.launchChrome(TestNg.java:12)
at org.sample.TestNg.launchChrome(TestNg.java:12)
at org.sample.TestNg.launchChrome(TestNg.java:12)
at org.sample.TestNg.launchChrome(TestNg.java:12)
at org.sample.TestNg.launchChrome(TestNg.java:12)
at org.sample.TestNg.launchChrome(TestNg.java:12)
at org.sample.TestNg.launchChrome(TestNg.java:12)
at org.sample.TestNg.launchChrome(TestNg.java:12)
at org.sample.TestNg.launchChrome(TestNg.java:12)
at org.sample.TestNg.launchChrome(TestNg.java:12)
at org.sample.TestNg.launchChrome(TestNg.java:12)
at org.sample.TestNg.launchChrome(TestNg.java:12)
at org.sample.TestNg.launchChrome(TestNg.java:12)
at org.sample.TestNg.launchChrome(TestNg.java:12)
at org.sample.TestNg.launchChrome(TestNg.java:12)
at org.sample.TestNg.launchChrome(TestNg.java:12)
at org.sample.TestNg.launchChrome(TestNg.java:12)
at org.sample.TestNg.launchChrome(TestNg.java:12)
at org.sample.TestNg.launchChrome(TestNg.java:12)
at org.sample.TestNg.launchChrome(TestNg.java:12)
at org.sample.TestNg.launchChrome(TestNg.java:12)
at org.sample.TestNg.launchChrome(TestNg.java:12)
at org.sample.TestNg.launchChrome(TestNg.java:12)
at org.sample.TestNg.launchChrome(TestNg.java:12)
at org.sample.TestNg.launchChrome(TestNg.java:12)
at org.sample.TestNg.launchChrome(TestNg.java:12)
at org.sample.TestNg.launchChrome(TestNg.java:12)
at org.sample.TestNg.launchChrome(TestNg.java:12)
at org.sample.TestNg.launchChrome(TestNg.java:12)
at org.sample.TestNg.launchChrome(TestNg.java:12)
at org.sample.TestNg.launchChrome(TestNg.java:12)
at org.sample.TestNg.launchChrome(TestNg.java:12)
at org.sample.TestNg.launchChrome(TestNg.java:12)
at org.sample.TestNg.launchChrome(TestNg.java:12)
at org.sample.TestNg.launchChrome(TestNg.java:12)
at org.sample.TestNg.launchChrome(TestNg.java:12)
at org.sample.TestNg.launchChrome(TestNg.java:12)
at org.sample.TestNg.launchChrome(TestNg.java:12)
at org.sample.TestNg.launchChrome(TestNg.java:12)
at org.sample.TestNg.launchChrome(TestNg.java:12)
at org.sample.TestNg.launchChrome(TestNg.java:12)
at org.sample.TestNg.launchChrome(TestNg.java:12)
at org.sample.TestNg.launchChrome(TestNg.java:12)
at org.sample.TestNg.launchChrome(TestNg.java:12)
at org.sample.TestNg.launchChrome(TestNg.java:12)
at org.sample.TestNg.launchChrome(TestNg.java:12)
at org.sample.TestNg.launchChrome(TestNg.java:12)
at org.sample.TestNg.launchChrome(TestNg.java:12)
at org.sample.TestNg.launchChrome(TestNg.java:12)
at org.sample.TestNg.launchChrome(TestNg.java:12)
at org.sample.TestNg.launchChrome(TestNg.java:12)
at org.sample.TestNg.launchChrome(TestNg.java:12)
at org.sample.TestNg.launchChrome(TestNg.java:12)
at org.sample.TestNg.launchChrome(TestNg.java:12)
at org.sample.TestNg.launchChrome(TestNg.java:12)
at org.sample.TestNg.launchChrome(TestNg.java:12)
at org.sample.TestNg.launchChrome(TestNg.java:12)
at org.sample.TestNg.launchChrome(TestNg.java:12)
at org.sample.TestNg.launchChrome(TestNg.java:12)
at org.sample.TestNg.launchChrome(TestNg.java:12)
at org.sample.TestNg.launchChrome(TestNg.java:12)
at org.sample.TestNg.launchChrome(TestNg.java:12)
at org.sample.TestNg.launchChrome(TestNg.java:12)
at org.sample.TestNg.launchChrome(TestNg.java:12)
at org.sample.TestNg.launchChrome(TestNg.java:12)
at org.sample.TestNg.launchChrome(TestNg.java:12)
at org.sample.TestNg.launchChrome(TestNg.java:12)
at org.sample.TestNg.launchChrome(TestNg.java:12)
at org.sample.TestNg.launchChrome(TestNg.java:12)
at org.sample.TestNg.launchChrome(TestNg.java:12)
at org.sample.TestNg.launchChrome(TestNg.java:12)
at org.sample.TestNg.launchChrome(TestNg.java:12)
at org.sample.TestNg.launchChrome(TestNg.java:12)
at org.sample.TestNg.launchChrome(TestNg.java:12)
at org.sample.TestNg.launchChrome(TestNg.java:12)
at org.sample.TestNg.launchChrome(TestNg.java:12)
at org.sample.TestNg.launchChrome(TestNg.java:12)
at org.sample.TestNg.launchChrome(TestNg.java:12)
at org.sample.TestNg.launchChrome(TestNg.java:12)
at org.sample.TestNg.launchChrome(TestNg.java:12)
at org.sample.TestNg.launchChrome(TestNg.java:12)
at org.sample.TestNg.launchChrome(TestNg.java:12)
at org.sample.TestNg.launchChrome(TestNg.java:12)
at org.sample.TestNg.launchChrome(TestNg.java:12)
at org.sample.TestNg.launchChrome(TestNg.java:12)
at org.sample.TestNg.launchChrome(TestNg.java:12)
at org.sample.TestNg.launchChrome(TestNg.java:12)
at org.sample.TestNg.launchChrome(TestNg.java:12)
at org.sample.TestNg.launchChrome(TestNg.java:12)
at org.sample.TestNg.launchChrome(TestNg.java:12)
at org.sample.TestNg.launchChrome(TestNg.java:12)
at org.sample.TestNg.launchChrome(TestNg.java:12)
at org.sample.TestNg.launchChrome(TestNg.java:12)
at org.sample.TestNg.launchChrome(TestNg.java:12)
at org.sample.TestNg.launchChrome(TestNg.java:12)
at org.sample.TestNg.launchChrome(TestNg.java:12)
at org.sample.TestNg.launchChrome(TestNg.java:12)
at org.sample.TestNg.launchChrome(TestNg.java:12)
at org.sample.TestNg.launchChrome(TestNg.java:12)
at org.sample.TestNg.launchChrome(TestNg.java:12)
at org.sample.TestNg.launchChrome(TestNg.java:12)
at org.sample.TestNg.launchChrome(TestNg.java:12)
at org.sample.TestNg.launchChrome(TestNg.java:12)
at org.sample.TestNg.launchChrome(TestNg.java:12)
at org.sample.TestNg.launchChrome(TestNg.java:12)
at org.sample.TestNg.launchChrome(TestNg.java:12)
at org.sample.TestNg.launchChrome(TestNg.java:12)
at org.sample.TestNg.launchChrome(TestNg.java:12)
at org.sample.TestNg.launchChrome(TestNg.java:12)
at org.sample.TestNg.launchChrome(TestNg.java:12)
at org.sample.TestNg.launchChrome(TestNg.java:12)
at org.sample.TestNg.launchChrome(TestNg.java:12)
at org.sample.TestNg.launchChrome(TestNg.java:12)
at org.sample.TestNg.launchChrome(TestNg.java:12)
at org.sample.TestNg.launchChrome(TestNg.java:12)
at org.sample.TestNg.launchChrome(TestNg.java:12)
at org.sample.TestNg.launchChrome(TestNg.java:12)
at org.sample.TestNg.launchChrome(TestNg.java:12)
at org.sample.TestNg.launchChrome(TestNg.java:12)
at org.sample.TestNg.launchChrome(TestNg.java:12)
at org.sample.TestNg.launchChrome(TestNg.java:12)
at org.sample.TestNg.launchChrome(TestNg.java:12)
at org.sample.TestNg.launchChrome(TestNg.java:12)
at org.sample.TestNg.launchChrome(TestNg.java:12)
at org.sample.TestNg.launchChrome(TestNg.java:12)
at org.sample.TestNg.launchChrome(TestNg.java:12)
at org.sample.TestNg.launchChrome(TestNg.java:12)
at org.sample.TestNg.launchChrome(TestNg.java:12)
at org.sample.TestNg.launchChrome(TestNg.java:12)
at org.sample.TestNg.launchChrome(TestNg.java:12)
at org.sample.TestNg.launchChrome(TestNg.java:12)
at org.sample.TestNg.launchChrome(TestNg.java:12)
at org.sample.TestNg.launchChrome(TestNg.java:12)
at org.sample.TestNg.launchChrome(TestNg.java:12)
at org.sample.TestNg.launchChrome(TestNg.java:12)
at org.sample.TestNg.launchChrome(TestNg.java:12)
at org.sample.TestNg.launchChrome(TestNg.java:12)
at org.sample.TestNg.launchChrome(TestNg.java:12)
at org.sample.TestNg.launchChrome(TestNg.java:12)
at org.sample.TestNg.launchChrome(TestNg.java:12)
at org.sample.TestNg.launchChrome(TestNg.java:12)
at org.sample.TestNg.launchChrome(TestNg.java:12)
at org.sample.TestNg.launchChrome(TestNg.java:12)
at org.sample.TestNg.launchChrome(TestNg.java:12)
at org.sample.TestNg.launchChrome(TestNg.java:12)
at org.sample.TestNg.launchChrome(TestNg.java:12)
at org.sample.TestNg.launchChrome(TestNg.java:12)
at org.sample.TestNg.launchChrome(TestNg.java:12)
at org.sample.TestNg.launchChrome(TestNg.java:12)
at org.sample.TestNg.launchChrome(TestNg.java:12)
at org.sample.TestNg.launchChrome(TestNg.java:12)
at org.sample.TestNg.launchChrome(TestNg.java:12)
at org.sample.TestNg.launchChrome(TestNg.java:12)
at org.sample.TestNg.launchChrome(TestNg.java:12)
at org.sample.TestNg.launchChrome(TestNg.java:12)
at org.sample.TestNg.launchChrome(TestNg.java:12)
at org.sample.TestNg.launchChrome(TestNg.java:12)
at org.sample.TestNg.launchChrome(TestNg.java:12)
at org.sample.TestNg.launchChrome(TestNg.java:12)
at org.sample.TestNg.launchChrome(TestNg.java:12)
at org.sample.TestNg.launchChrome(TestNg.java:12)
at org.sample.TestNg.launchChrome(TestNg.java:12)
at org.sample.TestNg.launchChrome(TestNg.java:12)
at org.sample.TestNg.launchChrome(TestNg.java:12)
at org.sample.TestNg.launchChrome(TestNg.java:12)
at org.sample.TestNg.launchChrome(TestNg.java:12)
at org.sample.TestNg.launchChrome(TestNg.java:12)
at org.sample.TestNg.launchChrome(TestNg.java:12)
at org.sample.TestNg.launchChrome(TestNg.java:12)
at org.sample.TestNg.launchChrome(TestNg.java:12)
at org.sample.TestNg.launchChrome(TestNg.java:12)
at org.sample.TestNg.launchChrome(TestNg.java:12)
at org.sample.TestNg.launchChrome(TestNg.java:12)
at org.sample.TestNg.launchChrome(TestNg.java:12)
at org.sample.TestNg.launchChrome(TestNg.java:12)
at org.sample.TestNg.launchChrome(TestNg.java:12)
at org.sample.TestNg.launchChrome(TestNg.java:12)
at org.sample.TestNg.launchChrome(TestNg.java:12)
at org.sample.TestNg.launchChrome(TestNg.java:12)
at org.sample.TestNg.launchChrome(TestNg.java:12)
at org.sample.TestNg.launchChrome(TestNg.java:12)
at org.sample.TestNg.launchChrome(TestNg.java:12)
at org.sample.TestNg.launchChrome(TestNg.java:12)
at org.sample.TestNg.launchChrome(TestNg.java:12)
at org.sample.TestNg.launchChrome(TestNg.java:12)
at org.sample.TestNg.launchChrome(TestNg.java:12)
at org.sample.TestNg.launchChrome(TestNg.java:12)
at org.sample.TestNg.launchChrome(TestNg.java:12)
at org.sample.TestNg.launchChrome(TestNg.java:12)
at org.sample.TestNg.launchChrome(TestNg.java:12)
at org.sample.TestNg.launchChrome(TestNg.java:12)
at org.sample.TestNg.launchChrome(TestNg.java:12)
at org.sample.TestNg.launchChrome(TestNg.java:12)
at org.sample.TestNg.launchChrome(TestNg.java:12)
at org.sample.TestNg.launchChrome(TestNg.java:12)
at org.sample.TestNg.launchChrome(TestNg.java:12)
at org.sample.TestNg.launchChrome(TestNg.java:12)
at org.sample.TestNg.launchChrome(TestNg.java:12)
at org.sample.TestNg.launchChrome(TestNg.java:12)
at org.sample.TestNg.launchChrome(TestNg.java:12)
at org.sample.TestNg.launchChrome(TestNg.java:12)
at org.sample.TestNg.launchChrome(TestNg.java:12)
at org.sample.TestNg.launchChrome(TestNg.java:12)
at org.sample.TestNg.launchChrome(TestNg.java:12)
at org.sample.TestNg.launchChrome(TestNg.java:12)
at org.sample.TestNg.launchChrome(TestNg.java:12)
at org.sample.TestNg.launchChrome(TestNg.java:12)
at org.sample.TestNg.launchChrome(TestNg.java:12)
at org.sample.TestNg.launchChrome(TestNg.java:12)
at org.sample.TestNg.launchChrome(TestNg.java:12)
at org.sample.TestNg.launchChrome(TestNg.java:12)
at org.sample.TestNg.launchChrome(TestNg.java:12)
at org.sample.TestNg.launchChrome(TestNg.java:12)
at org.sample.TestNg.launchChrome(TestNg.java:12)
at org.sample.TestNg.launchChrome(TestNg.java:12)
at org.sample.TestNg.launchChrome(TestNg.java:12)
at org.sample.TestNg.launchChrome(TestNg.java:12)
at org.sample.TestNg.launchChrome(TestNg.java:12)
at org.sample.TestNg.launchChrome(TestNg.java:12)
at org.sample.TestNg.launchChrome(TestNg.java:12)
at org.sample.TestNg.launchChrome(TestNg.java:12)
at org.sample.TestNg.launchChrome(TestNg.java:12)
at org.sample.TestNg.launchChrome(TestNg.java:12)
at org.sample.TestNg.launchChrome(TestNg.java:12)
at org.sample.TestNg.launchChrome(TestNg.java:12)
at org.sample.TestNg.launchChrome(TestNg.java:12)
at org.sample.TestNg.launchChrome(TestNg.java:12)
at org.sample.TestNg.launchChrome(TestNg.java:12)
at org.sample.TestNg.launchChrome(TestNg.java:12)
at org.sample.TestNg.launchChrome(TestNg.java:12)
at org.sample.TestNg.launchChrome(TestNg.java:12)
at org.sample.TestNg.launchChrome(TestNg.java:12)
at org.sample.TestNg.launchChrome(TestNg.java:12)
at org.sample.TestNg.launchChrome(TestNg.java:12)
at org.sample.TestNg.launchChrome(TestNg.java:12)
at org.sample.TestNg.launchChrome(TestNg.java:12)
at org.sample.TestNg.launchChrome(TestNg.java:12)
at org.sample.TestNg.launchChrome(TestNg.java:12)
at org.sample.TestNg.launchChrome(TestNg.java:12)
at org.sample.TestNg.launchChrome(TestNg.java:12)
at org.sample.TestNg.launchChrome(TestNg.java:12)
at org.sample.TestNg.launchChrome(TestNg.java:12)
at org.sample.TestNg.launchChrome(TestNg.java:12)
at org.sample.TestNg.launchChrome(TestNg.java:12)
at org.sample.TestNg.launchChrome(TestNg.java:12)
at org.sample.TestNg.launchChrome(TestNg.java:12)
at org.sample.TestNg.launchChrome(TestNg.java:12)
at org.sample.TestNg.launchChrome(TestNg.java:12)
at org.sample.TestNg.launchChrome(TestNg.java:12)
at org.sample.TestNg.launchChrome(TestNg.java:12)
at org.sample.TestNg.launchChrome(TestNg.java:12)
at org.sample.TestNg.launchChrome(TestNg.java:12)
at org.sample.TestNg.launchChrome(TestNg.java:12)
at org.sample.TestNg.launchChrome(TestNg.java:12)
at org.sample.TestNg.launchChrome(TestNg.java:12)
at org.sample.TestNg.launchChrome(TestNg.java:12)
at org.sample.TestNg.launchChrome(TestNg.java:12)
at org.sample.TestNg.launchChrome(TestNg.java:12)
at org.sample.TestNg.launchChrome(TestNg.java:12)
at org.sample.TestNg.launchChrome(TestNg.java:12)
at org.sample.TestNg.launchChrome(TestNg.java:12)
at org.sample.TestNg.launchChrome(TestNg.java:12)
at org.sample.TestNg.launchChrome(TestNg.java:12)
at org.sample.TestNg.launchChrome(TestNg.java:12)
at org.sample.TestNg.launchChrome(TestNg.java:12)
at org.sample.TestNg.launchChrome(TestNg.java:12)
at org.sample.TestNg.launchChrome(TestNg.java:12)
at org.sample.TestNg.launchChrome(TestNg.java:12)
at org.sample.TestNg.launchChrome(TestNg.java:12)
at org.sample.TestNg.launchChrome(TestNg.java:12)
at org.sample.TestNg.launchChrome(TestNg.java:12)
at org.sample.TestNg.launchChrome(TestNg.java:12)
at org.sample.TestNg.launchChrome(TestNg.java:12)
at org.sample.TestNg.launchChrome(TestNg.java:12)
at org.sample.TestNg.launchChrome(TestNg.java:12)
at org.sample.TestNg.launchChrome(TestNg.java:12)
at org.sample.TestNg.launchChrome(TestNg.java:12)
at org.sample.TestNg.launchChrome(TestNg.java:12)
at org.sample.TestNg.launchChrome(TestNg.java:12)
at org.sample.TestNg.launchChrome(TestNg.java:12)
at org.sample.TestNg.launchChrome(TestNg.java:12)
at org.sample.TestNg.launchChrome(TestNg.java:12)
at org.sample.TestNg.launchChrome(TestNg.java:12)
at org.sample.TestNg.launchChrome(TestNg.java:12)
at org.sample.TestNg.launchChrome(TestNg.java:12)
at org.sample.TestNg.launchChrome(TestNg.java:12)
at org.sample.TestNg.launchChrome(TestNg.java:12)
at org.sample.TestNg.launchChrome(TestNg.java:12)
at org.sample.TestNg.launchChrome(TestNg.java:12)
at org.sample.TestNg.launchChrome(TestNg.java:12)
at org.sample.TestNg.launchChrome(TestNg.java:12)
at org.sample.TestNg.launchChrome(TestNg.java:12)
at org.sample.TestNg.launchChrome(TestNg.java:12)
at org.sample.TestNg.launchChrome(TestNg.java:12)
at org.sample.TestNg.launchChrome(TestNg.java:12)
at org.sample.TestNg.launchChrome(TestNg.java:12)
at org.sample.TestNg.launchChrome(TestNg.java:12)
at org.sample.TestNg.launchChrome(TestNg.java:12)
at org.sample.TestNg.launchChrome(TestNg.java:12)
at org.sample.TestNg.launchChrome(TestNg.java:12)
at org.sample.TestNg.launchChrome(TestNg.java:12)
at org.sample.TestNg.launchChrome(TestNg.java:12)
at org.sample.TestNg.launchChrome(TestNg.java:12)
at org.sample.TestNg.launchChrome(TestNg.java:12)
at org.sample.TestNg.launchChrome(TestNg.java:12)
at org.sample.TestNg.launchChrome(TestNg.java:12)
at org.sample.TestNg.launchChrome(TestNg.java:12)
at org.sample.TestNg.launchChrome(TestNg.java:12)
at org.sample.TestNg.launchChrome(TestNg.java:12)
at org.sample.TestNg.launchChrome(TestNg.java:12)
at org.sample.TestNg.launchChrome(TestNg.java:12)
at org.sample.TestNg.launchChrome(TestNg.java:12)
at org.sample.TestNg.launchChrome(TestNg.java:12)
at org.sample.TestNg.launchChrome(TestNg.java:12)
at org.sample.TestNg.launchChrome(TestNg.java:12)
at org.sample.TestNg.launchChrome(TestNg.java:12)
at org.sample.TestNg.launchChrome(TestNg.java:12)
at org.sample.TestNg.launchChrome(TestNg.java:12)
at org.sample.TestNg.launchChrome(TestNg.java:12)
at org.sample.TestNg.launchChrome(TestNg.java:12)
at org.sample.TestNg.launchChrome(TestNg.java:12)
at org.sample.TestNg.launchChrome(TestNg.java:12)
at org.sample.TestNg.launchChrome(TestNg.java:12)
at org.sample.TestNg.launchChrome(TestNg.java:12)
at org.sample.TestNg.launchChrome(TestNg.java:12)
at org.sample.TestNg.launchChrome(TestNg.java:12)
at org.sample.TestNg.launchChrome(TestNg.java:12)
at org.sample.TestNg.launchChrome(TestNg.java:12)
at org.sample.TestNg.launchChrome(TestNg.java:12)
at org.sample.TestNg.launchChrome(TestNg.java:12)
at org.sample.TestNg.launchChrome(TestNg.java:12)
at org.sample.TestNg.launchChrome(TestNg.java:12)
at org.sample.TestNg.launchChrome(TestNg.java:12)
at org.sample.TestNg.launchChrome(TestNg.java:12)
at org.sample.TestNg.launchChrome(TestNg.java:12)
at org.sample.TestNg.launchChrome(TestNg.java:12)
at org.sample.TestNg.launchChrome(TestNg.java:12)
at org.sample.TestNg.launchChrome(TestNg.java:12)
at org.sample.TestNg.launchChrome(TestNg.java:12)
at org.sample.TestNg.launchChrome(TestNg.java:12)
at org.sample.TestNg.launchChrome(TestNg.java:12)
at org.sample.TestNg.launchChrome(TestNg.java:12)
at org.sample.TestNg.launchChrome(TestNg.java:12)
at org.sample.TestNg.launchChrome(TestNg.java:12)
at org.sample.TestNg.launchChrome(TestNg.java:12)
at org.sample.TestNg.launchChrome(TestNg.java:12)
at org.sample.TestNg.launchChrome(TestNg.java:12)
at org.sample.TestNg.launchChrome(TestNg.java:12)
at org.sample.TestNg.launchChrome(TestNg.java:12)
at org.sample.TestNg.launchChrome(TestNg.java:12)
at org.sample.TestNg.launchChrome(TestNg.java:12)
at org.sample.TestNg.launchChrome(TestNg.java:12)
at org.sample.TestNg.launchChrome(TestNg.java:12)
at org.sample.TestNg.launchChrome(TestNg.java:12)
at org.sample.TestNg.launchChrome(TestNg.java:12)
at org.sample.TestNg.launchChrome(TestNg.java:12)
at org.sample.TestNg.launchChrome(TestNg.java:12)
at org.sample.TestNg.launchChrome(TestNg.java:12)
at org.sample.TestNg.launchChrome(TestNg.java:12)
at org.sample.TestNg.launchChrome(TestNg.java:12)
at org.sample.TestNg.launchChrome(TestNg.java:12)
at org.sample.TestNg.launchChrome(TestNg.java:12)
at org.sample.TestNg.launchChrome(TestNg.java:12)
at org.sample.TestNg.launchChrome(TestNg.java:12)
at org.sample.TestNg.launchChrome(TestNg.java:12)
at org.sample.TestNg.launchChrome(TestNg.java:12)
at org.sample.TestNg.launchChrome(TestNg.java:12)
at org.sample.TestNg.launchChrome(TestNg.java:12)
at org.sample.TestNg.launchChrome(TestNg.java:12)
at org.sample.TestNg.launchChrome(TestNg.java:12)
at org.sample.TestNg.launchChrome(TestNg.java:12)
at org.sample.TestNg.launchChrome(TestNg.java:12)
at org.sample.TestNg.launchChrome(TestNg.java:12)
at org.sample.TestNg.launchChrome(TestNg.java:12)
at org.sample.TestNg.launchChrome(TestNg.java:12)
at org.sample.TestNg.launchChrome(TestNg.java:12)
at org.sample.TestNg.launchChrome(TestNg.java:12)
at org.sample.TestNg.launchChrome(TestNg.java:12)
at org.sample.TestNg.launchChrome(TestNg.java:12)
at org.sample.TestNg.launchChrome(TestNg.java:12)
at org.sample.TestNg.launchChrome(TestNg.java:12)
at org.sample.TestNg.launchChrome(TestNg.java:12)
at org.sample.TestNg.launchChrome(TestNg.java:12)
at org.sample.TestNg.launchChrome(TestNg.java:12)
at org.sample.TestNg.launchChrome(TestNg.java:12)
at org.sample.TestNg.launchChrome(TestNg.java:12)
at org.sample.TestNg.launchChrome(TestNg.java:12)
at org.sample.TestNg.launchChrome(TestNg.java:12)
at org.sample.TestNg.launchChrome(TestNg.java:12)
at org.sample.TestNg.launchChrome(TestNg.java:12)
at org.sample.TestNg.launchChrome(TestNg.java:12)
at org.sample.TestNg.launchChrome(TestNg.java:12)
at org.sample.TestNg.launchChrome(TestNg.java:12)
at org.sample.TestNg.launchChrome(TestNg.java:12)
at org.sample.TestNg.launchChrome(TestNg.java:12)
at org.sample.TestNg.launchChrome(TestNg.java:12)
at org.sample.TestNg.launchChrome(TestNg.java:12)
at org.sample.TestNg.launchChrome(TestNg.java:12)
at org.sample.TestNg.launchChrome(TestNg.java:12)
at org.sample.TestNg.launchChrome(TestNg.java:12)
at org.sample.TestNg.launchChrome(TestNg.java:12)
at org.sample.TestNg.launchChrome(TestNg.java:12)
at org.sample.TestNg.launchChrome(TestNg.java:12)
at org.sample.TestNg.launchChrome(TestNg.java:12)
at org.sample.TestNg.launchChrome(TestNg.java:12)
at org.sample.TestNg.launchChrome(TestNg.java:12)
at org.sample.TestNg.launchChrome(TestNg.java:12)
at org.sample.TestNg.launchChrome(TestNg.java:12)
at org.sample.TestNg.launchChrome(TestNg.java:12)
at org.sample.TestNg.launchChrome(TestNg.java:12)
at org.sample.TestNg.launchChrome(TestNg.java:12)
at org.sample.TestNg.launchChrome(TestNg.java:12)
at org.sample.TestNg.launchChrome(TestNg.java:12)
at org.sample.TestNg.launchChrome(TestNg.java:12)
at org.sample.TestNg.launchChrome(TestNg.java:12)
at org.sample.TestNg.launchChrome(TestNg.java:12)
at org.sample.TestNg.launchChrome(TestNg.java:12)
at org.sample.TestNg.launchChrome(TestNg.java:12)
at org.sample.TestNg.launchChrome(TestNg.java:12)
at org.sample.TestNg.launchChrome(TestNg.java:12)
at org.sample.TestNg.launchChrome(TestNg.java:12)
at org.sample.TestNg.launchChrome(TestNg.java:12)
at org.sample.TestNg.launchChrome(TestNg.java:12)
at org.sample.TestNg.launchChrome(TestNg.java:12)
at org.sample.TestNg.launchChrome(TestNg.java:12)
at org.sample.TestNg.launchChrome(TestNg.java:12)
at org.sample.TestNg.launchChrome(TestNg.java:12)
at org.sample.TestNg.launchChrome(TestNg.java:12)
at org.sample.TestNg.launchChrome(TestNg.java:12)
at org.sample.TestNg.launchChrome(TestNg.java:12)
at org.sample.TestNg.launchChrome(TestNg.java:12)
at org.sample.TestNg.launchChrome(TestNg.java:12)
at org.sample.TestNg.launchChrome(TestNg.java:12)
at org.sample.TestNg.launchChrome(TestNg.java:12)
at org.sample.TestNg.launchChrome(TestNg.java:12)
at org.sample.TestNg.launchChrome(TestNg.java:12)
at org.sample.TestNg.launchChrome(TestNg.java:12)
at org.sample.TestNg.launchChrome(TestNg.java:12)
at org.sample.TestNg.launchChrome(TestNg.java:12)
at org.sample.TestNg.launchChrome(TestNg.java:12)
at org.sample.TestNg.launchChrome(TestNg.java:12)
at org.sample.TestNg.launchChrome(TestNg.java:12)
at org.sample.TestNg.launchChrome(TestNg.java:12)
at org.sample.TestNg.launchChrome(TestNg.java:12)
at org.sample.TestNg.launchChrome(TestNg.java:12)
at org.sample.TestNg.launchChrome(TestNg.java:12)
at org.sample.TestNg.launchChrome(TestNg.java:12)
at org.sample.TestNg.launchChrome(TestNg.java:12)
at org.sample.TestNg.launchChrome(TestNg.java:12)
at org.sample.TestNg.launchChrome(TestNg.java:12)
at org.sample.TestNg.launchChrome(TestNg.java:12)
at org.sample.TestNg.launchChrome(TestNg.java:12)
at org.sample.TestNg.launchChrome(TestNg.java:12)
at org.sample.TestNg.launchChrome(TestNg.java:12)
at org.sample.TestNg.launchChrome(TestNg.java:12)
at org.sample.TestNg.launchChrome(TestNg.java:12)
at org.sample.TestNg.launchChrome(TestNg.java:12)
at org.sample.TestNg.launchChrome(TestNg.java:12)
at org.sample.TestNg.launchChrome(TestNg.java:12)
at org.sample.TestNg.launchChrome(TestNg.java:12)
at org.sample.TestNg.launchChrome(TestNg.java:12)
at org.sample.TestNg.launchChrome(TestNg.java:12)
at org.sample.TestNg.launchChrome(TestNg.java:12)
at org.sample.TestNg.launchChrome(TestNg.java:12)
at org.sample.TestNg.launchChrome(TestNg.java:12)
at org.sample.TestNg.launchChrome(TestNg.java:12)
at org.sample.TestNg.launchChrome(TestNg.java:12)
at org.sample.TestNg.launchChrome(TestNg.java:12)
at org.sample.TestNg.launchChrome(TestNg.java:12)
at org.sample.TestNg.launchChrome(TestNg.java:12)
at org.sample.TestNg.launchChrome(TestNg.java:12)
at org.sample.TestNg.launchChrome(TestNg.java:12)
at org.sample.TestNg.launchChrome(TestNg.java:12)
at org.sample.TestNg.launchChrome(TestNg.java:12)
at org.sample.TestNg.launchChrome(TestNg.java:12)
at org.sample.TestNg.launchChrome(TestNg.java:12)
at org.sample.TestNg.launchChrome(TestNg.java:12)
at org.sample.TestNg.launchChrome(TestNg.java:12)
at org.sample.TestNg.launchChrome(TestNg.java:12)
at org.sample.TestNg.launchChrome(TestNg.java:12)
at org.sample.TestNg.launchChrome(TestNg.java:12)
at org.sample.TestNg.launchChrome(TestNg.java:12)
at org.sample.TestNg.launchChrome(TestNg.java:12)
at org.sample.TestNg.launchChrome(TestNg.java:12)
at org.sample.TestNg.launchChrome(TestNg.java:12)
at org.sample.TestNg.launchChrome(TestNg.java:12)
at org.sample.TestNg.launchChrome(TestNg.java:12)
at org.sample.TestNg.launchChrome(TestNg.java:12)
at org.sample.TestNg.launchChrome(TestNg.java:12)
at org.sample.TestNg.launchChrome(TestNg.java:12)
at org.sample.TestNg.launchChrome(TestNg.java:12)
at org.sample.TestNg.launchChrome(TestNg.java:12)
at org.sample.TestNg.launchChrome(TestNg.java:12)
at org.sample.TestNg.launchChrome(TestNg.java:12)
at org.sample.TestNg.launchChrome(TestNg.java:12)
at org.sample.TestNg.launchChrome(TestNg.java:12)
at org.sample.TestNg.launchChrome(TestNg.java:12)
at org.sample.TestNg.launchChrome(TestNg.java:12)
at org.sample.TestNg.launchChrome(TestNg.java:12)
at org.sample.TestNg.launchChrome(TestNg.java:12)
at org.sample.TestNg.launchChrome(TestNg.java:12)
at org.sample.TestNg.launchChrome(TestNg.java:12)
at org.sample.TestNg.launchChrome(TestNg.java:12)
at org.sample.TestNg.launchChrome(TestNg.java:12)
at org.sample.TestNg.launchChrome(TestNg.java:12)
at org.sample.TestNg.launchChrome(TestNg.java:12)
at org.sample.TestNg.launchChrome(TestNg.java:12)
at org.sample.TestNg.launchChrome(TestNg.java:12)
at org.sample.TestNg.launchChrome(TestNg.java:12)
at org.sample.TestNg.launchChrome(TestNg.java:12)
at org.sample.TestNg.launchChrome(TestNg.java:12)
at org.sample.TestNg.launchChrome(TestNg.java:12)
at org.sample.TestNg.launchChrome(TestNg.java:12)
at org.sample.TestNg.launchChrome(TestNg.java:12)
at org.sample.TestNg.launchChrome(TestNg.java:12)
at org.sample.TestNg.launchChrome(TestNg.java:12)
at org.sample.TestNg.launchChrome(TestNg.java:12)
at org.sample.TestNg.launchChrome(TestNg.java:12)
at org.sample.TestNg.launchChrome(TestNg.java:12)
at org.sample.TestNg.launchChrome(TestNg.java:12)
at org.sample.TestNg.launchChrome(TestNg.java:12)
at org.sample.TestNg.launchChrome(TestNg.java:12)
at org.sample.TestNg.launchChrome(TestNg.java:12)
at org.sample.TestNg.launchChrome(TestNg.java:12)
at org.sample.TestNg.launchChrome(TestNg.java:12)
at org.sample.TestNg.launchChrome(TestNg.java:12)
at org.sample.TestNg.launchChrome(TestNg.java:12)
at org.sample.TestNg.launchChrome(TestNg.java:12)
at org.sample.TestNg.launchChrome(TestNg.java:12)
at org.sample.TestNg.launchChrome(TestNg.java:12)
at org.sample.TestNg.launchChrome(TestNg.java:12)
at org.sample.TestNg.launchChrome(TestNg.java:12)
at org.sample.TestNg.launchChrome(TestNg.java:12)
at org.sample.TestNg.launchChrome(TestNg.java:12)
at org.sample.TestNg.launchChrome(TestNg.java:12)
at org.sample.TestNg.launchChrome(TestNg.java:12)
at org.sample.TestNg.launchChrome(TestNg.java:12)
at org.sample.TestNg.launchChrome(TestNg.java:12)
at org.sample.TestNg.launchChrome(TestNg.java:12)
at org.sample.TestNg.launchChrome(TestNg.java:12)
at org.sample.TestNg.launchChrome(TestNg.java:12)
at org.sample.TestNg.launchChrome(TestNg.java:12)
at org.sample.TestNg.launchChrome(TestNg.java:12)
at org.sample.TestNg.launchChrome(TestNg.java:12)
at org.sample.TestNg.launchChrome(TestNg.java:12)
at org.sample.TestNg.launchChrome(TestNg.java:12)
at org.sample.TestNg.launchChrome(TestNg.java:12)
at org.sample.TestNg.launchChrome(TestNg.java:12)
at org.sample.TestNg.launchChrome(TestNg.java:12)
at org.sample.TestNg.launchChrome(TestNg.java:12)
at org.sample.TestNg.launchChrome(TestNg.java:12)
at org.sample.TestNg.launchChrome(TestNg.java:12)
at org.sample.TestNg.launchChrome(TestNg.java:12)
at org.sample.TestNg.launchChrome(TestNg.java:12)
at org.sample.TestNg.launchChrome(TestNg.java:12)
at org.sample.TestNg.launchChrome(TestNg.java:12)
at org.sample.TestNg.launchChrome(TestNg.java:12)
at org.sample.TestNg.launchChrome(TestNg.java:12)
at org.sample.TestNg.launchChrome(TestNg.java:12)
at org.sample.TestNg.launchChrome(TestNg.java:12)
at org.sample.TestNg.launchChrome(TestNg.java:12)
at org.sample.TestNg.launchChrome(TestNg.java:12)
at org.sample.TestNg.launchChrome(TestNg.java:12)
at org.sample.TestNg.launchChrome(TestNg.java:12)
at org.sample.TestNg.launchChrome(TestNg.java:12)
at org.sample.TestNg.launchChrome(TestNg.java:12)
at org.sample.TestNg.launchChrome(TestNg.java:12)
at org.sample.TestNg.launchChrome(TestNg.java:12)
at org.sample.TestNg.launchChrome(TestNg.java:12)
at org.sample.TestNg.launchChrome(TestNg.java:12)
at org.sample.TestNg.launchChrome(TestNg.java:12)
at org.sample.TestNg.launchChrome(TestNg.java:12)
at org.sample.TestNg.launchChrome(TestNg.java:12)
at org.sample.TestNg.launchChrome(TestNg.java:12)
at org.sample.TestNg.launchChrome(TestNg.java:12)
at org.sample.TestNg.launchChrome(TestNg.java:12)
at org.sample.TestNg.launchChrome(TestNg.java:12)
at org.sample.TestNg.launchChrome(TestNg.java:12)
at org.sample.TestNg.launchChrome(TestNg.java:12)
at org.sample.TestNg.launchChrome(TestNg.java:12)
at org.sample.TestNg.launchChrome(TestNg.java:12)
at org.sample.TestNg.launchChrome(TestNg.java:12)
at org.sample.TestNg.launchChrome(TestNg.java:12)
at org.sample.TestNg.launchChrome(TestNg.java:12)
at org.sample.TestNg.launchChrome(TestNg.java:12)
at org.sample.TestNg.launchChrome(TestNg.java:12)
at org.sample.TestNg.launchChrome(TestNg.java:12)
at org.sample.TestNg.launchChrome(TestNg.java:12)
at org.sample.TestNg.launchChrome(TestNg.java:12)
at org.sample.TestNg.launchChrome(TestNg.java:12)
at org.sample.TestNg.launchChrome(TestNg.java:12)
at org.sample.TestNg.launchChrome(TestNg.java:12)
at org.sample.TestNg.launchChrome(TestNg.java:12)
at org.sample.TestNg.launchChrome(TestNg.java:12)
at org.sample.TestNg.launchChrome(TestNg.java:12)
at org.sample.TestNg.launchChrome(TestNg.java:12)
at org.sample.TestNg.launchChrome(TestNg.java:12)
at org.sample.TestNg.launchChrome(TestNg.java:12)
at org.sample.TestNg.launchChrome(TestNg.java:12)
at org.sample.TestNg.launchChrome(TestNg.java:12)
at org.sample.TestNg.launchChrome(TestNg.java:12)
at org.sample.TestNg.launchChrome(TestNg.java:12)
at org.sample.TestNg.launchChrome(TestNg.java:12)
at org.sample.TestNg.launchChrome(TestNg.java:12)
at org.sample.TestNg.launchChrome(TestNg.java:12)
at org.sample.TestNg.launchChrome(TestNg.java:12)
at org.sample.TestNg.launchChrome(TestNg.java:12)
at org.sample.TestNg.launchChrome(TestNg.java:12)
at org.sample.TestNg.launchChrome(TestNg.java:12)
at org.sample.TestNg.launchChrome(TestNg.java:12)
at org.sample.TestNg.launchChrome(TestNg.java:12)
]]>
    </error>
  </testcase> <!-- launchChrome -->
</testsuite> <!-- org.sample.TestNg -->
