<?xml version="1.0" encoding="UTF-8"?>
<!-- Generated by org.testng.reporters.JUnitReportReporter -->
<testsuite skipped="0" hostname="DESKTOP-N0MKA9O" name="Pbi.PbiBank" tests="1" failures="0" timestamp="10 Dec 2021 02:34:13 GMT" time="18.657" errors="0">
  <testcase name="tc1" time="18.657" classname="Pbi.PbiBank"/>
</testsuite> <!-- Pbi.PbiBank -->
