<?xml version="1.0" encoding="UTF-8"?>
<!-- Generated by org.testng.reporters.JUnitReportReporter -->
<testsuite skipped="0" hostname="DESKTOP-N0MKA9O" name="org.Grouping.SanityGroup" tests="2" failures="0" timestamp="08 Dec 2021 18:53:11 GMT" time="0.016" errors="0">
  <testcase name="tc32" time="0.009" classname="org.Grouping.SanityGroup"/>
  <testcase name="tc31" time="0.007" classname="org.Grouping.SanityGroup"/>
</testsuite> <!-- org.Grouping.SanityGroup -->
